<?xml version="1.0" encoding="UTF-8"?>
<testng-results ignored="0" total="2" passed="2" failed="0" skipped="0">
  <reporter-output>
  </reporter-output>
  <suite started-at="2024-11-15T22:06:53 IST" name="Default suite" finished-at="2024-11-15T22:06:54 IST" duration-ms="76">
    <groups>
    </groups>
    <test started-at="2024-11-15T22:06:53 IST" name="Default test" finished-at="2024-11-15T22:06:54 IST" duration-ms="76">
      <class name="day12.StudentDemoDataProvider">
        <test-method signature="methodWithAttribute(day12.StudentDemo)[pri:0, instance:day12.StudentDemoDataProvider@5ace1ed4]" started-at="2024-11-15T22:06:54 IST" name="methodWithAttribute" data-provider="DPname" finished-at="2024-11-15T22:06:54 IST" duration-ms="17" status="PASS">
          <params>
            <param index="0">
              <value>
                <![CDATA[day12.StudentDemo@58cbafc2]]>
              </value>
            </param>
          </params>
          <reporter-output>
          </reporter-output>
        </test-method> <!-- methodWithAttribute -->
        <test-method signature="methodWithAttribute(day12.StudentDemo)[pri:0, instance:day12.StudentDemoDataProvider@5ace1ed4]" started-at="2024-11-15T22:06:54 IST" name="methodWithAttribute" data-provider="DPname" finished-at="2024-11-15T22:06:54 IST" duration-ms="2" status="PASS">
          <params>
            <param index="0">
              <value>
                <![CDATA[day12.StudentDemo@8519cb4]]>
              </value>
            </param>
          </params>
          <reporter-output>
          </reporter-output>
        </test-method> <!-- methodWithAttribute -->
      </class> <!-- day12.StudentDemoDataProvider -->
    </test> <!-- Default test -->
  </suite> <!-- Default suite -->
</testng-results>
